<?xml version="1.0" encoding="UTF-8"?>
<!-- Generated by org.testng.reporters.JUnitReportReporter -->
<testsuite hostname="poshs-HP-Laptop-15-bs0xx" failures="0" tests="2" name="TestClasses.TestClass2" time="0.023" errors="0" timestamp="2022-11-16T21:00:26 IST" skipped="0">
  <testcase classname="TestClasses.TestClass2" name="test1" time="0.016"/>
  <system-out/>
  <testcase classname="TestClasses.TestClass2" name="test2" time="0.007"/>
  <system-out/>
</testsuite> <!-- TestClasses.TestClass2 -->
